<?xml version="1.0"?>
<testsuite name="PhantomJS 1.9.8 (Mac OS X 0.0.0)" package="" timestamp="2015-11-17T01:13:54" id="0" hostname="Orion" tests="72" errors="0" failures="0" time="1.788">
  <properties>
    <property name="browser.fullName" value="Mozilla/5.0 (Macintosh; Intel Mac OS X) AppleWebKit/534.34 (KHTML, like Gecko) PhantomJS/1.9.8 Safari/534.34"/>
  </properties>
  <testcase name="should work" time="0.082" classname="App component"/>
  <testcase name="should exist" time="0.131" classname="Connections component"/>
  <testcase name="should exist" time="0.024" classname="Crowd component"/>
  <testcase name="should exist" time="0.018" classname="Events component"/>
  <testcase name="should exist" time="0.052" classname="Filter component"/>
  <testcase name="should have gender" time="0.053" classname="Filter component"/>
  <testcase name="should have age" time="0.04" classname="Filter component"/>
  <testcase name="should have distance" time="0.052" classname="Filter component"/>
  <testcase name="should have order by" time="0.056" classname="Filter component"/>
  <testcase name="should exist" time="0.019" classname="HeaderMain component"/>
  <testcase name="should exist" time="0.021" classname="HeaderSub component"/>
  <testcase name="should exist" time="0.019" classname="Home component"/>
  <testcase name="should exist" time="0.023" classname="Loading component"/>
  <testcase name="should by default be hidden" time="0.023" classname="Loading component"/>
  <testcase name="should change status" time="0.023" classname="Loading component"/>
  <testcase name="should exist" time="0.037" classname="Loading component"/>
  <testcase name="should by default be hidden" time="0.021" classname="Loading component"/>
  <testcase name="should change status" time="0.03" classname="Loading component"/>
  <testcase name="should exist" time="0.03" classname="Logo component"/>
  <testcase name="should display logo" time="0.068" classname="Logo component"/>
  <testcase name="should display Persice title" time="0.022" classname="Logo component"/>
  <testcase name="should change status" time="0.031" classname="Messages component"/>
  <testcase name="should exist" time="0.037" classname="NavMain component"/>
  <testcase name="should have links" time="0.039" classname="NavMain component"/>
  <testcase name="should exist" time="0.029" classname="Notification component"/>
  <testcase name="should exist" time="0.028" classname="Profile component"/>
  <testcase name="should exist" time="0.021" classname="ProfileAbout component"/>
  <testcase name="should exist" time="0.02" classname="ProfileDropdown component"/>
  <testcase name="should exist" time="0.036" classname="ProfileFeatures component"/>
  <testcase name="should exist" time="0.025" classname="ProfileLikes component"/>
  <testcase name="should exist" time="0.03" classname="ProfileMutuals component"/>
  <testcase name="should exist" time="0.029" classname="RangeSlider component"/>
  <testcase name="should exist" time="0.024" classname="Search component"/>
  <testcase name="should exist" time="0.024" classname="SearchInput component"/>
  <testcase name="should exist" time="0.026" classname="SearchKeywords component"/>
  <testcase name="should exist" time="0.024" classname="SearchKeywordsInput component"/>
  <testcase name="should exist" time="0.02" classname="SearchResults component"/>
  <testcase name="should exist" time="0.019" classname="SearchResultsEvent component"/>
  <testcase name="should exist" time="0.027" classname="SearchResultsUser component"/>
  <testcase name="should exist" time="0.024" classname="Select component"/>
  <testcase name="should exist" time="0.064" classname="UserCard component"/>
  <testcase name="should display user image" time="0.037" classname="UserCard component"/>
  <testcase name="should display user interests" time="0.04" classname="UserCard component"/>
  <testcase name="should display user first name, age, gender and distance" time="0.037" classname="UserCard component"/>
  <testcase name="should exist" time="0.108" classname="UsersList component"/>
  <testcase name="should display list of users" time="0.103" classname="UsersList component"/>
  <testcase name="transforms &quot;m&quot; to &quot;male&quot;" time="0.005" classname="GenderPipe"/>
  <testcase name="transforms &quot;f&quot; to &quot;female&quot;" time="0" classname="GenderPipe"/>
  <testcase name="doesn't transform random string to &quot;female&quot; or &quot;male&quot;" time="0.008" classname="GenderPipe"/>
  <testcase name="transforms &quot;10000&quot; to &quot;10,000&quot;" time="0.004" classname="NumeralPipe"/>
  <testcase name="should find resource" time="0.002" classname="ConnectionsService"/>
  <testcase name="should find resource" time="0.001" classname="CrowdService"/>
  <testcase name="should be able to get default state" time="0.001" classname="FilterService"/>
  <testcase name="should find resource" time="0.001" classname="FilterService"/>
  <testcase name="should update one resource by uri" time="0" classname="FilterService"/>
  <testcase name="should find one resource by uri" time="0.001" classname="FilterService"/>
  <testcase name="should find resource" time="0.001" classname="FriendService"/>
  <testcase name="should save friendship" time="0.001" classname="FriendService"/>
  <testcase name="should find resource" time="0.001" classname="InterestsService"/>
  <testcase name="should find and filter of resource" time="0" classname="InterestsService"/>
  <testcase name="should find resource" time="0" classname="KeywordsService"/>
  <testcase name="should find and filter of resource" time="0.008" classname="KeywordsService"/>
  <testcase name="should find resource" time="0.006" classname="MutualFriendsService"/>
  <testcase name="should add notification" time="0.001" classname="NotificationService"/>
  <testcase name="should remove notification" time="0" classname="NotificationService"/>
  <testcase name="should find users resource by first name" time="0" classname="SearchService"/>
  <testcase name="should find events resource by name" time="0" classname="SearchService"/>
  <testcase name="should find resource" time="0.001" classname="UserService"/>
  <testcase name="should be able to test" time="0" classname="Universal truths"/>
  <testcase name="should do math" time="0" classname="Universal truths"/>
  <testcase name="null is not the same thing as undefined" time="0" classname="Universal truths"/>
  <testcase name="should skip this" time="0" classname="Universal truths">
    <skipped/>
  </testcase>
  <system-out>
    <![CDATA[
]]>
  </system-out>
  <system-err/>
</testsuite>